# JRE version: Java(TM) SE Runtime Environment (8.0_202-b08) (build 1.8.0_202-b08)
# Java VM: Java HotSpot(TM) 64-Bit Server VM (25.202-b08 mixed mode bsd-amd64 compressed oops)
Heap:
 PSYoungGen      total 205824K, used 112863K [0x000000076ab00000, 0x000000077b300000, 0x00000007c0000000)
  eden space 187904K, 56% used [0x000000076ab00000,0x0000000771323e38,0x0000000776280000)
  from space 17920K, 34% used [0x0000000776280000,0x0000000776894020,0x0000000777400000)
  to   space 17920K, 0% used [0x000000077a180000,0x000000077a180000,0x000000077b300000)
 ParOldGen       total 105472K, used 14968K [0x00000006c0000000, 0x00000006c6700000, 0x000000076ab00000)
  object space 105472K, 14% used [0x00000006c0000000,0x00000006c0e9e1f8,0x00000006c6700000)
 Metaspace       used 27128K, capacity 27808K, committed 28160K, reserved 1073152K
  class space    used 3482K, capacity 3734K, committed 3840K, reserved 1048576K
GC Heap History (10 events):
Event: 5.832 GC heap before
{Heap before GC invocations=6 (full 1):
 PSYoungGen      total 102400K, used 101361K [0x000000076ab00000, 0x0000000771b80000, 0x00000007c0000000)
  eden space 91648K, 98% used [0x000000076ab00000,0x0000000770380528,0x0000000770480000)
  from space 10752K, 99% used [0x0000000770f00000,0x000000077197c040,0x0000000771980000)
  to   space 10752K, 0% used [0x0000000770480000,0x0000000770480000,0x0000000770f00000)
 ParOldGen       total 105472K, used 14928K [0x00000006c0000000, 0x00000006c6700000, 0x000000076ab00000)
  object space 105472K, 14% used [0x00000006c0000000,0x00000006c0e941f8,0x00000006c6700000)
 Metaspace       used 26846K, capacity 27590K, committed 27904K, reserved 1073152K
  class space    used 3481K, capacity 3733K, committed 3840K, reserved 1048576K
Event: 5.838 GC heap after
Heap after GC invocations=6 (full 1):
 PSYoungGen      total 102400K, used 8860K [0x000000076ab00000, 0x0000000774e80000, 0x00000007c0000000)
  eden space 91648K, 0% used [0x000000076ab00000,0x000000076ab00000,0x0000000770480000)
  from space 10752K, 82% used [0x0000000770480000,0x0000000770d27030,0x0000000770f00000)
  to   space 18432K, 0% used [0x0000000773c80000,0x0000000773c80000,0x0000000774e80000)
 ParOldGen       total 105472K, used 14936K [0x00000006c0000000, 0x00000006c6700000, 0x000000076ab00000)
  object space 105472K, 14% used [0x00000006c0000000,0x00000006c0e961f8,0x00000006c6700000)
 Metaspace       used 26846K, capacity 27590K, committed 27904K, reserved 1073152K
  class space    used 3481K, capacity 3733K, committed 3840K, reserved 1048576K
}
Event: 6.295 GC heap before
{Heap before GC invocations=7 (full 1):
 PSYoungGen      total 102400K, used 99262K [0x000000076ab00000, 0x0000000774e80000, 0x00000007c0000000)
  eden space 91648K, 98% used [0x000000076ab00000,0x0000000770348a60,0x0000000770480000)
  from space 10752K, 82% used [0x0000000770480000,0x0000000770d27030,0x0000000770f00000)
  to   space 18432K, 0% used [0x0000000773c80000,0x0000000773c80000,0x0000000774e80000)
 ParOldGen       total 105472K, used 14936K [0x00000006c0000000, 0x00000006c6700000, 0x000000076ab00000)
  object space 105472K, 14% used [0x00000006c0000000,0x00000006c0e961f8,0x00000006c6700000)
 Metaspace       used 26854K, capacity 27596K, committed 27904K, reserved 1073152K
  class space    used 3482K, capacity 3734K, committed 3840K, reserved 1048576K
Event: 6.306 GC heap after
Heap after GC invocations=7 (full 1):
 PSYoungGen      total 150016K, used 8892K [0x000000076ab00000, 0x0000000775100000, 0x00000007c0000000)
  eden space 131584K, 0% used [0x000000076ab00000,0x000000076ab00000,0x0000000772b80000)
  from space 18432K, 48% used [0x0000000773c80000,0x000000077452f030,0x0000000774e80000)
  to   space 17408K, 0% used [0x0000000772b80000,0x0000000772b80000,0x0000000773c80000)
 ParOldGen       total 105472K, used 14944K [0x00000006c0000000, 0x00000006c6700000, 0x000000076ab00000)
  object space 105472K, 14% used [0x00000006c0000000,0x00000006c0e981f8,0x00000006c6700000)
 Metaspace       used 26854K, capacity 27596K, committed 27904K, reserved 1073152K
  class space    used 3482K, capacity 3734K, committed 3840K, reserved 1048576K
}
Event: 6.944 GC heap before
{Heap before GC invocations=8 (full 1):
 PSYoungGen      total 150016K, used 138872K [0x000000076ab00000, 0x0000000775100000, 0x00000007c0000000)
  eden space 131584K, 98% used [0x000000076ab00000,0x00000007729ef2a8,0x0000000772b80000)
  from space 18432K, 48% used [0x0000000773c80000,0x000000077452f030,0x0000000774e80000)
  to   space 17408K, 0% used [0x0000000772b80000,0x0000000772b80000,0x0000000773c80000)
 ParOldGen       total 105472K, used 14944K [0x00000006c0000000, 0x00000006c6700000, 0x000000076ab00000)
  object space 105472K, 14% used [0x00000006c0000000,0x00000006c0e981f8,0x00000006c6700000)
 Metaspace       used 26915K, capacity 27676K, committed 27904K, reserved 1073152K
  class space    used 3482K, capacity 3734K, committed 3840K, reserved 1048576K
Event: 6.949 GC heap after
Heap after GC invocations=8 (full 1):
 PSYoungGen      total 148992K, used 8924K [0x000000076ab00000, 0x0000000778580000, 0x00000007c0000000)
  eden space 131584K, 0% used [0x000000076ab00000,0x000000076ab00000,0x0000000772b80000)
  from space 17408K, 51% used [0x0000000772b80000,0x0000000773437030,0x0000000773c80000)
  to   space 16896K, 0% used [0x0000000777500000,0x0000000777500000,0x0000000778580000)
 ParOldGen       total 105472K, used 14952K [0x00000006c0000000, 0x00000006c6700000, 0x000000076ab00000)
  object space 105472K, 14% used [0x00000006c0000000,0x00000006c0e9a1f8,0x00000006c6700000)
 Metaspace       used 26915K, capacity 27676K, committed 27904K, reserved 1073152K
  class space    used 3482K, capacity 3734K, committed 3840K, reserved 1048576K
}
Event: 7.636 GC heap before
{Heap before GC invocations=9 (full 1):
 PSYoungGen      total 148992K, used 140447K [0x000000076ab00000, 0x0000000778580000, 0x00000007c0000000)
  eden space 131584K, 99% used [0x000000076ab00000,0x0000000772b70d48,0x0000000772b80000)
  from space 17408K, 51% used [0x0000000772b80000,0x0000000773437030,0x0000000773c80000)
  to   space 16896K, 0% used [0x0000000777500000,0x0000000777500000,0x0000000778580000)
 ParOldGen       total 105472K, used 14952K [0x00000006c0000000, 0x00000006c6700000, 0x000000076ab00000)
  object space 105472K, 14% used [0x00000006c0000000,0x00000006c0e9a1f8,0x00000006c6700000)
 Metaspace       used 26946K, capacity 27676K, committed 27904K, reserved 1073152K
  class space    used 3482K, capacity 3734K, committed 3840K, reserved 1048576K
Event: 7.643 GC heap after
Heap after GC invocations=9 (full 1):
 PSYoungGen      total 204800K, used 14324K [0x000000076ab00000, 0x0000000778580000, 0x00000007c0000000)
  eden space 187904K, 0% used [0x000000076ab00000,0x000000076ab00000,0x0000000776280000)
  from space 16896K, 84% used [0x0000000777500000,0x00000007782fd050,0x0000000778580000)
  to   space 17920K, 0% used [0x0000000776280000,0x0000000776280000,0x0000000777400000)
 ParOldGen       total 105472K, used 14960K [0x00000006c0000000, 0x00000006c6700000, 0x000000076ab00000)
  object space 105472K, 14% used [0x00000006c0000000,0x00000006c0e9c1f8,0x00000006c6700000)
 Metaspace       used 26946K, capacity 27676K, committed 27904K, reserved 1073152K
  class space    used 3482K, capacity 3734K, committed 3840K, reserved 1048576K
}
Event: 8.631 GC heap before
{Heap before GC invocations=10 (full 1):
 PSYoungGen      total 204800K, used 200871K [0x000000076ab00000, 0x0000000778580000, 0x00000007c0000000)
  eden space 187904K, 99% used [0x000000076ab00000,0x000000077612cc50,0x0000000776280000)
  from space 16896K, 84% used [0x0000000777500000,0x00000007782fd050,0x0000000778580000)
  to   space 17920K, 0% used [0x0000000776280000,0x0000000776280000,0x0000000777400000)
 ParOldGen       total 105472K, used 14960K [0x00000006c0000000, 0x00000006c6700000, 0x000000076ab00000)
  object space 105472K, 14% used [0x00000006c0000000,0x00000006c0e9c1f8,0x00000006c6700000)
 Metaspace       used 26970K, capacity 27676K, committed 27904K, reserved 1073152K
  class space    used 3482K, capacity 3734K, committed 3840K, reserved 1048576K
Event: 8.641 GC heap after
Heap after GC invocations=10 (full 1):
 PSYoungGen      total 205824K, used 6224K [0x000000076ab00000, 0x000000077b300000, 0x00000007c0000000)
  eden space 187904K, 0% used [0x000000076ab00000,0x000000076ab00000,0x0000000776280000)
  from space 17920K, 34% used [0x0000000776280000,0x0000000776894020,0x0000000777400000)
  to   space 17920K, 0% used [0x000000077a180000,0x000000077a180000,0x000000077b300000)
 ParOldGen       total 105472K, used 14968K [0x00000006c0000000, 0x00000006c6700000, 0x000000076ab00000)
  object space 105472K, 14% used [0x00000006c0000000,0x00000006c0e9e1f8,0x00000006c6700000)
 Metaspace       used 26970K, capacity 27676K, committed 27904K, reserved 1073152K
  class space    used 3482K, capacity 3734K, committed 3840K, reserved 1048576K
}

